[2016-04-26 03:03:44] local.ERROR: exception 'PDOException' with message 'SQLSTATE[HY000] [2002] No such file or directory' in /Users/harrischristiansen/Documents/Projects/Misc/PH_Members/Site/vendor/laravel/framework/src/Illuminate/Database/Connectors/Connector.php:55
Stack trace:
#0 /Users/harrischristiansen/Documents/Projects/Misc/PH_Members/Site/vendor/laravel/framework/src/Illuminate/Database/Connectors/Connector.php(55): PDO->__construct('mysql:host=loca...', 'root', 'root', Array)
#1 /Users/harrischristiansen/Documents/Projects/Misc/PH_Members/Site/vendor/laravel/framework/src/Illuminate/Database/Connectors/MySqlConnector.php(22): Illuminate\Database\Connectors\Connector->createConnection('mysql:host=loca...', Array, Array)
#2 /Users/harrischristiansen/Documents/Projects/Misc/PH_Members/Site/vendor/laravel/framework/src/Illuminate/Database/Connectors/ConnectionFactory.php(61): Illuminate\Database\Connectors\MySqlConnector->connect(Array)
#3 [internal function]: Illuminate\Database\Connectors\ConnectionFactory->Illuminate\Database\Connectors\{closure}()
#4 /Users/harrischristiansen/Documents/Projects/Misc/PH_Members/Site/vendor/laravel/framework/src/Illuminate/Database/Connection.php(846): call_user_func(Object(Closure))
#5 /Users/harrischristiansen/Documents/Projects/Misc/PH_Members/Site/vendor/laravel/framework/src/Illuminate/Database/Connection.php(714): Illuminate\Database\Connection->getPdo()
#6 /Users/harrischristiansen/Documents/Projects/Misc/PH_Members/Site/vendor/laravel/framework/src/Illuminate/Database/Connection.php(603): Illuminate\Database\Connection->reconnectIfMissingConnection()
#7 /Users/harrischristiansen/Documents/Projects/Misc/PH_Members/Site/vendor/laravel/framework/src/Illuminate/Database/Connection.php(324): Illuminate\Database\Connection->run('select * from i...', Array, Object(Closure))
#8 /Users/harrischristiansen/Documents/Projects/Misc/PH_Members/Site/vendor/laravel/framework/src/Illuminate/Database/Schema/MySqlBuilder.php(21): Illuminate\Database\Connection->select('select * from i...', Array)
#9 /Users/harrischristiansen/Documents/Projects/Misc/PH_Members/Site/vendor/laravel/framework/src/Illuminate/Database/Migrations/DatabaseMigrationRepository.php(141): Illuminate\Database\Schema\MySqlBuilder->hasTable('migrations')
#10 /Users/harrischristiansen/Documents/Projects/Misc/PH_Members/Site/vendor/laravel/framework/src/Illuminate/Database/Migrations/Migrator.php(405): Illuminate\Database\Migrations\DatabaseMigrationRepository->repositoryExists()
#11 /Users/harrischristiansen/Documents/Projects/Misc/PH_Members/Site/vendor/laravel/framework/src/Illuminate/Database/Console/Migrations/MigrateCommand.php(103): Illuminate\Database\Migrations\Migrator->repositoryExists()
#12 /Users/harrischristiansen/Documents/Projects/Misc/PH_Members/Site/vendor/laravel/framework/src/Illuminate/Database/Console/Migrations/MigrateCommand.php(58): Illuminate\Database\Console\Migrations\MigrateCommand->prepareDatabase()
#13 [internal function]: Illuminate\Database\Console\Migrations\MigrateCommand->fire()
#14 /Users/harrischristiansen/Documents/Projects/Misc/PH_Members/Site/vendor/laravel/framework/src/Illuminate/Container/Container.php(507): call_user_func_array(Array, Array)
#15 /Users/harrischristiansen/Documents/Projects/Misc/PH_Members/Site/vendor/laravel/framework/src/Illuminate/Console/Command.php(169): Illuminate\Container\Container->call(Array)
#16 /Users/harrischristiansen/Documents/Projects/Misc/PH_Members/Site/vendor/symfony/console/Command/Command.php(256): Illuminate\Console\Command->execute(Object(Symfony\Component\Console\Input\ArgvInput), Object(Symfony\Component\Console\Output\ConsoleOutput))
#17 /Users/harrischristiansen/Documents/Projects/Misc/PH_Members/Site/vendor/laravel/framework/src/Illuminate/Console/Command.php(155): Symfony\Component\Console\Command\Command->run(Object(Symfony\Component\Console\Input\ArgvInput), Object(Symfony\Component\Console\Output\ConsoleOutput))
#18 /Users/harrischristiansen/Documents/Projects/Misc/PH_Members/Site/vendor/symfony/console/Application.php(787): Illuminate\Console\Command->run(Object(Symfony\Component\Console\Input\ArgvInput), Object(Symfony\Component\Console\Output\ConsoleOutput))
#19 /Users/harrischristiansen/Documents/Projects/Misc/PH_Members/Site/vendor/symfony/console/Application.php(186): Symfony\Component\Console\Application->doRunCommand(Object(Illuminate\Database\Console\Migrations\MigrateCommand), Object(Symfony\Component\Console\Input\ArgvInput), Object(Symfony\Component\Console\Output\ConsoleOutput))
#20 /Users/harrischristiansen/Documents/Projects/Misc/PH_Members/Site/vendor/symfony/console/Application.php(117): Symfony\Component\Console\Application->doRun(Object(Symfony\Component\Console\Input\ArgvInput), Object(Symfony\Component\Console\Output\ConsoleOutput))
#21 /Users/harrischristiansen/Documents/Projects/Misc/PH_Members/Site/vendor/laravel/framework/src/Illuminate/Foundation/Console/Kernel.php(107): Symfony\Component\Console\Application->run(Object(Symfony\Component\Console\Input\ArgvInput), Object(Symfony\Component\Console\Output\ConsoleOutput))
#22 /Users/harrischristiansen/Documents/Projects/Misc/PH_Members/Site/artisan(36): Illuminate\Foundation\Console\Kernel->handle(Object(Symfony\Component\Console\Input\ArgvInput), Object(Symfony\Component\Console\Output\ConsoleOutput))
#23 {main}  
[2016-04-26 03:04:10] local.ERROR: exception 'PDOException' with message 'SQLSTATE[HY000] [2002] No such file or directory' in /Users/harrischristiansen/Documents/Projects/Misc/PH_Members/Site/vendor/laravel/framework/src/Illuminate/Database/Connectors/Connector.php:55
Stack trace:
#0 /Users/harrischristiansen/Documents/Projects/Misc/PH_Members/Site/vendor/laravel/framework/src/Illuminate/Database/Connectors/Connector.php(55): PDO->__construct('mysql:host=loca...', 'root', 'root', Array)
#1 /Users/harrischristiansen/Documents/Projects/Misc/PH_Members/Site/vendor/laravel/framework/src/Illuminate/Database/Connectors/MySqlConnector.php(22): Illuminate\Database\Connectors\Connector->createConnection('mysql:host=loca...', Array, Array)
#2 /Users/harrischristiansen/Documents/Projects/Misc/PH_Members/Site/vendor/laravel/framework/src/Illuminate/Database/Connectors/ConnectionFactory.php(61): Illuminate\Database\Connectors\MySqlConnector->connect(Array)
#3 [internal function]: Illuminate\Database\Connectors\ConnectionFactory->Illuminate\Database\Connectors\{closure}()
#4 /Users/harrischristiansen/Documents/Projects/Misc/PH_Members/Site/vendor/laravel/framework/src/Illuminate/Database/Connection.php(846): call_user_func(Object(Closure))
#5 /Users/harrischristiansen/Documents/Projects/Misc/PH_Members/Site/vendor/laravel/framework/src/Illuminate/Database/Connection.php(714): Illuminate\Database\Connection->getPdo()
#6 /Users/harrischristiansen/Documents/Projects/Misc/PH_Members/Site/vendor/laravel/framework/src/Illuminate/Database/Connection.php(603): Illuminate\Database\Connection->reconnectIfMissingConnection()
#7 /Users/harrischristiansen/Documents/Projects/Misc/PH_Members/Site/vendor/laravel/framework/src/Illuminate/Database/Connection.php(324): Illuminate\Database\Connection->run('select * from i...', Array, Object(Closure))
#8 /Users/harrischristiansen/Documents/Projects/Misc/PH_Members/Site/vendor/laravel/framework/src/Illuminate/Database/Schema/MySqlBuilder.php(21): Illuminate\Database\Connection->select('select * from i...', Array)
#9 /Users/harrischristiansen/Documents/Projects/Misc/PH_Members/Site/vendor/laravel/framework/src/Illuminate/Database/Migrations/DatabaseMigrationRepository.php(141): Illuminate\Database\Schema\MySqlBuilder->hasTable('migrations')
#10 /Users/harrischristiansen/Documents/Projects/Misc/PH_Members/Site/vendor/laravel/framework/src/Illuminate/Database/Migrations/Migrator.php(405): Illuminate\Database\Migrations\DatabaseMigrationRepository->repositoryExists()
#11 /Users/harrischristiansen/Documents/Projects/Misc/PH_Members/Site/vendor/laravel/framework/src/Illuminate/Database/Console/Migrations/MigrateCommand.php(103): Illuminate\Database\Migrations\Migrator->repositoryExists()
#12 /Users/harrischristiansen/Documents/Projects/Misc/PH_Members/Site/vendor/laravel/framework/src/Illuminate/Database/Console/Migrations/MigrateCommand.php(58): Illuminate\Database\Console\Migrations\MigrateCommand->prepareDatabase()
#13 [internal function]: Illuminate\Database\Console\Migrations\MigrateCommand->fire()
#14 /Users/harrischristiansen/Documents/Projects/Misc/PH_Members/Site/vendor/laravel/framework/src/Illuminate/Container/Container.php(507): call_user_func_array(Array, Array)
#15 /Users/harrischristiansen/Documents/Projects/Misc/PH_Members/Site/vendor/laravel/framework/src/Illuminate/Console/Command.php(169): Illuminate\Container\Container->call(Array)
#16 /Users/harrischristiansen/Documents/Projects/Misc/PH_Members/Site/vendor/symfony/console/Command/Command.php(256): Illuminate\Console\Command->execute(Object(Symfony\Component\Console\Input\ArgvInput), Object(Symfony\Component\Console\Output\ConsoleOutput))
#17 /Users/harrischristiansen/Documents/Projects/Misc/PH_Members/Site/vendor/laravel/framework/src/Illuminate/Console/Command.php(155): Symfony\Component\Console\Command\Command->run(Object(Symfony\Component\Console\Input\ArgvInput), Object(Symfony\Component\Console\Output\ConsoleOutput))
#18 /Users/harrischristiansen/Documents/Projects/Misc/PH_Members/Site/vendor/symfony/console/Application.php(787): Illuminate\Console\Command->run(Object(Symfony\Component\Console\Input\ArgvInput), Object(Symfony\Component\Console\Output\ConsoleOutput))
#19 /Users/harrischristiansen/Documents/Projects/Misc/PH_Members/Site/vendor/symfony/console/Application.php(186): Symfony\Component\Console\Application->doRunCommand(Object(Illuminate\Database\Console\Migrations\MigrateCommand), Object(Symfony\Component\Console\Input\ArgvInput), Object(Symfony\Component\Console\Output\ConsoleOutput))
#20 /Users/harrischristiansen/Documents/Projects/Misc/PH_Members/Site/vendor/symfony/console/Application.php(117): Symfony\Component\Console\Application->doRun(Object(Symfony\Component\Console\Input\ArgvInput), Object(Symfony\Component\Console\Output\ConsoleOutput))
#21 /Users/harrischristiansen/Documents/Projects/Misc/PH_Members/Site/vendor/laravel/framework/src/Illuminate/Foundation/Console/Kernel.php(107): Symfony\Component\Console\Application->run(Object(Symfony\Component\Console\Input\ArgvInput), Object(Symfony\Component\Console\Output\ConsoleOutput))
#22 /Users/harrischristiansen/Documents/Projects/Misc/PH_Members/Site/artisan(36): Illuminate\Foundation\Console\Kernel->handle(Object(Symfony\Component\Console\Input\ArgvInput), Object(Symfony\Component\Console\Output\ConsoleOutput))
#23 {main}  
